============================= test session starts ==============================
platform linux -- Python 3.10.11, pytest-7.2.2, pluggy-1.0.0
rootdir: /app
collected 1 item

test_PK.py
✅ Авторизация:  1.25 с
✅ Выбор ЛПУ:  1.24 с
   🔼 Модуль - "Авторизация", выполнен за:  2.49 с
✅ Формирования окна - Дневник врача:  3.63 сек
✅ Пациент записан на услугу
✅ Услуга оказана
✅ Услуга отменена
✅ Запись удалена
✅ Формирование окна - Расписание:  3.5 с
✅ Пациент записан к врачу
✅ Запись удалена
   🔼 Модуль - "Расписание", выполнен за:  29.02 с
✅ Пациент записан на госпитализацию
✅ Пациент госпитализирован
✅ Госпитализация отменена
✅ Запись на госпитализацию удалена
   🔼 Модуль - "Госпитализация", выполнен за:  28.51 с
✅ Тестовый пользователь - создан
✅ Тестовый пользователь - удален
   🔼 Модуль - "Поиск пациентов", выполнен за:  60.67 с
🏁 Затраченное время на тестирование:  179.29 с
.

======================== 1 passed in 183.36s (0:03:03) =========================
